<?xml version="1.0" encoding="UTF-8"?>
<robot generator="Robot 7.0 (Python 3.12.2 on win32)" generated="2024-02-27T00:43:31.317921" rpa="false" schemaversion="5">
<suite id="s1" name="Api Testing Usuario" source="c:\Users\gusta\ApiTesting\Testes\api_testing_usuario.robot">
<test id="s1-t1" name="Cenário 02: Cadastro de um usuário já existente" line="12">
<kw name="Criar um usuário novo" owner="api_testing_usuarios">
<kw name="Generate Random String" owner="String">
<msg time="2024-02-27T00:43:31.457823" level="INFO">${palavra_aleatória} = OtnO</msg>
<var>${palavra_aleatória}</var>
<arg>length=4</arg>
<arg>chars=[LETTERS]</arg>
<doc>Generates a string with a desired ``length`` from the given ``chars``.</doc>
<status status="PASS" start="2024-02-27T00:43:31.457823" elapsed="0.001993"/>
</kw>
<kw name="Convert To Lower Case" owner="String">
<msg time="2024-02-27T00:43:31.459816" level="INFO">${palavra_aleatória} = otno</msg>
<var>${palavra_aleatória}</var>
<arg>${palavra_aleatória}</arg>
<doc>Converts string to lower case.</doc>
<status status="PASS" start="2024-02-27T00:43:31.459816" elapsed="0.000000"/>
</kw>
<kw name="Set Test Variable" owner="BuiltIn">
<msg time="2024-02-27T00:43:31.460812" level="INFO">${EMAIL} = otno@emailteste.com</msg>
<arg>${EMAIL}</arg>
<arg>${palavra_aleatória}@emailteste.com</arg>
<doc>Makes a variable available everywhere within the scope of the current test.</doc>
<status status="PASS" start="2024-02-27T00:43:31.459816" elapsed="0.000996"/>
</kw>
<kw name="Log" owner="BuiltIn">
<msg time="2024-02-27T00:43:31.461810" level="INFO">otno@emailteste.com</msg>
<arg>${EMAIL}</arg>
<doc>Logs the given message with the given level.</doc>
<status status="PASS" start="2024-02-27T00:43:31.460812" elapsed="0.000998"/>
</kw>
<status status="PASS" start="2024-02-27T00:43:31.456414" elapsed="0.005396"/>
</kw>
<kw name="Cadastrar o usuário criado na ServeRest" owner="api_testing_usuarios">
<kw name="Create Dictionary" owner="BuiltIn">
<msg time="2024-02-27T00:43:31.463803" level="INFO">${body} = {'nome': 'Fulano', 'email': 'otno@emailteste.com', 'password': '1234', 'administrador': 'true'}</msg>
<var>${body}</var>
<arg>nome=Fulano</arg>
<arg>email=${EMAIL}</arg>
<arg>password=1234</arg>
<arg>administrador=true</arg>
<doc>Creates and returns a dictionary based on the given ``items``.</doc>
<status status="PASS" start="2024-02-27T00:43:31.462807" elapsed="0.000996"/>
</kw>
<kw name="Log" owner="BuiltIn">
<msg time="2024-02-27T00:43:31.463803" level="INFO">{body}</msg>
<arg>{body}</arg>
<doc>Logs the given message with the given level.</doc>
<status status="PASS" start="2024-02-27T00:43:31.463803" elapsed="0.000000"/>
</kw>
<kw name="Criar Sessão na ServeRest" owner="api_testing_usuarios">
<kw name="Create Dictionary" owner="BuiltIn">
<msg time="2024-02-27T00:43:31.464802" level="INFO">${headers} = {'accept': 'application/json', 'Content-Type': 'application/json'}</msg>
<var>${headers}</var>
<arg>accept=application/json</arg>
<arg>Content-Type=application/json</arg>
<doc>Creates and returns a dictionary based on the given ``items``.</doc>
<status status="PASS" start="2024-02-27T00:43:31.464802" elapsed="0.000000"/>
</kw>
<kw name="Create Session" owner="RequestsLibrary">
<msg time="2024-02-27T00:43:31.465799" level="INFO">Creating Session using : alias=ServeRest, url=https://serverest.dev/, headers={'accept': 'application/json', 'Content-Type': 'application/json'},                     cookies={}, auth=None, timeout=None, proxies=None, verify=False,                     debug=0 </msg>
<arg>alias=ServeRest</arg>
<arg>url=https://serverest.dev/</arg>
<arg>headers=${headers}</arg>
<doc>Create Session: create a HTTP session to a server</doc>
<status status="PASS" start="2024-02-27T00:43:31.465799" elapsed="0.000000"/>
</kw>
<status status="PASS" start="2024-02-27T00:43:31.464802" elapsed="0.000997"/>
</kw>
<kw name="POST On Session" owner="RequestsLibrary">
<msg time="2024-02-27T00:43:31.850867" level="INFO">POST Request : url=https://serverest.dev/usuarios 
 path_url=/usuarios 
 headers={'User-Agent': 'python-requests/2.31.0', 'Accept-Encoding': 'gzip, deflate', 'accept': 'application/json', 'Connection': 'keep-alive', 'Content-Type': 'application/json', 'Content-Length': '95'} 
 body=b'{"nome": "Fulano", "email": "otno@emailteste.com", "password": "1234", "administrador": "true"}' 
 </msg>
<msg time="2024-02-27T00:43:31.851867" level="INFO">POST Response : url=https://serverest.dev/usuarios 
 status=201, reason=Created 
 headers={'access-control-allow-origin': '*', 'x-dns-prefetch-control': 'off', 'x-frame-options': 'SAMEORIGIN', 'strict-transport-security': 'max-age=15552000; includeSubDomains', 'x-download-options': 'noopen', 'x-content-type-options': 'nosniff', 'x-xss-protection': '1; mode=block', 'content-type': 'application/json; charset=utf-8', 'X-Cloud-Trace-Context': 'b9d413611dcfe232a9ca90047587c190;o=1', 'Date': 'Tue, 27 Feb 2024 03:43:31 GMT', 'Server': 'Google Frontend', 'Content-Length': '82'} 
 body={
    "message": "Cadastro realizado com sucesso",
    "_id": "mabcnFswJGV34KdC"
} 
 </msg>
<msg time="2024-02-27T00:43:31.851867" level="INFO">C:\Users\gusta\AppData\Local\Programs\Python\Python312\Lib\site-packages\urllib3\connectionpool.py:1103: InsecureRequestWarning: Unverified HTTPS request is being made to host 'serverest.dev'. Adding certificate verification is strongly advised. See: https://urllib3.readthedocs.io/en/latest/advanced-usage.html#tls-warnings
  warnings.warn(</msg>
<msg time="2024-02-27T00:43:31.852863" level="INFO">${resposta} = &lt;Response [201]&gt;</msg>
<var>${resposta}</var>
<arg>alias=ServeRest</arg>
<arg>url=/usuarios</arg>
<arg>json=${body}</arg>
<arg>expected_status=${status_code_desejado}</arg>
<doc>Sends a POST request on a previously created HTTP Session.</doc>
<status status="PASS" start="2024-02-27T00:43:31.465799" elapsed="0.387064"/>
</kw>
<kw name="Log" owner="BuiltIn">
<msg time="2024-02-27T00:43:31.853861" level="INFO">{'message': 'Cadastro realizado com sucesso', '_id': 'mabcnFswJGV34KdC'}</msg>
<arg>${resposta.json()}</arg>
<doc>Logs the given message with the given level.</doc>
<status status="PASS" start="2024-02-27T00:43:31.852863" elapsed="0.000998"/>
</kw>
<kw name="Set Test Variable" owner="BuiltIn">
<msg time="2024-02-27T00:43:31.854859" level="INFO">${RESPOSTA} = {'message': 'Cadastro realizado com sucesso', '_id': 'mabcnFswJGV34KdC'}</msg>
<arg>${RESPOSTA}</arg>
<arg>${resposta.json()}</arg>
<doc>Makes a variable available everywhere within the scope of the current test.</doc>
<status status="PASS" start="2024-02-27T00:43:31.853861" elapsed="0.000998"/>
</kw>
<arg>email=${EMAIL}</arg>
<arg>status_code_desejado=201</arg>
<status status="PASS" start="2024-02-27T00:43:31.461810" elapsed="0.394044"/>
</kw>
<kw name="Repetir o cadastro do Usuário" owner="api_testing_usuarios">
<kw name="Cadastrar o usuário criado na ServeRest" owner="api_testing_usuarios">
<kw name="Create Dictionary" owner="BuiltIn">
<msg time="2024-02-27T00:43:31.856851" level="INFO">${body} = {'nome': 'Fulano', 'email': 'otno@emailteste.com', 'password': '1234', 'administrador': 'true'}</msg>
<var>${body}</var>
<arg>nome=Fulano</arg>
<arg>email=${EMAIL}</arg>
<arg>password=1234</arg>
<arg>administrador=true</arg>
<doc>Creates and returns a dictionary based on the given ``items``.</doc>
<status status="PASS" start="2024-02-27T00:43:31.856851" elapsed="0.000000"/>
</kw>
<kw name="Log" owner="BuiltIn">
<msg time="2024-02-27T00:43:31.858272" level="INFO">{body}</msg>
<arg>{body}</arg>
<doc>Logs the given message with the given level.</doc>
<status status="PASS" start="2024-02-27T00:43:31.858272" elapsed="0.000521"/>
</kw>
<kw name="Criar Sessão na ServeRest" owner="api_testing_usuarios">
<kw name="Create Dictionary" owner="BuiltIn">
<msg time="2024-02-27T00:43:31.859263" level="INFO">${headers} = {'accept': 'application/json', 'Content-Type': 'application/json'}</msg>
<var>${headers}</var>
<arg>accept=application/json</arg>
<arg>Content-Type=application/json</arg>
<doc>Creates and returns a dictionary based on the given ``items``.</doc>
<status status="PASS" start="2024-02-27T00:43:31.859263" elapsed="0.000000"/>
</kw>
<kw name="Create Session" owner="RequestsLibrary">
<msg time="2024-02-27T00:43:31.860261" level="INFO">Creating Session using : alias=ServeRest, url=https://serverest.dev/, headers={'accept': 'application/json', 'Content-Type': 'application/json'},                     cookies={}, auth=None, timeout=None, proxies=None, verify=False,                     debug=0 </msg>
<arg>alias=ServeRest</arg>
<arg>url=https://serverest.dev/</arg>
<arg>headers=${headers}</arg>
<doc>Create Session: create a HTTP session to a server</doc>
<status status="PASS" start="2024-02-27T00:43:31.860261" elapsed="0.000000"/>
</kw>
<status status="PASS" start="2024-02-27T00:43:31.859263" elapsed="0.000998"/>
</kw>
<kw name="POST On Session" owner="RequestsLibrary">
<msg time="2024-02-27T00:43:32.218446" level="INFO">POST Request : url=https://serverest.dev/usuarios 
 path_url=/usuarios 
 headers={'User-Agent': 'python-requests/2.31.0', 'Accept-Encoding': 'gzip, deflate', 'accept': 'application/json', 'Connection': 'keep-alive', 'Content-Type': 'application/json', 'Content-Length': '95'} 
 body=b'{"nome": "Fulano", "email": "otno@emailteste.com", "password": "1234", "administrador": "true"}' 
 </msg>
<msg time="2024-02-27T00:43:32.218446" level="INFO">POST Response : url=https://serverest.dev/usuarios 
 status=400, reason=Bad Request 
 headers={'access-control-allow-origin': '*', 'x-dns-prefetch-control': 'off', 'x-frame-options': 'SAMEORIGIN', 'strict-transport-security': 'max-age=15552000; includeSubDomains', 'x-download-options': 'noopen', 'x-content-type-options': 'nosniff', 'x-xss-protection': '1; mode=block', 'content-type': 'application/json; charset=utf-8', 'X-Cloud-Trace-Context': '9dc87a18f32bf826407b8e60d9c2f053', 'Date': 'Tue, 27 Feb 2024 03:43:31 GMT', 'Server': 'Google Frontend', 'Content-Length': '53'} 
 body={
    "message": "Este email já está sendo usado"
} 
 </msg>
<msg time="2024-02-27T00:43:32.218446" level="INFO">C:\Users\gusta\AppData\Local\Programs\Python\Python312\Lib\site-packages\urllib3\connectionpool.py:1103: InsecureRequestWarning: Unverified HTTPS request is being made to host 'serverest.dev'. Adding certificate verification is strongly advised. See: https://urllib3.readthedocs.io/en/latest/advanced-usage.html#tls-warnings
  warnings.warn(</msg>
<msg time="2024-02-27T00:43:32.219444" level="INFO">${resposta} = &lt;Response [400]&gt;</msg>
<var>${resposta}</var>
<arg>alias=ServeRest</arg>
<arg>url=/usuarios</arg>
<arg>json=${body}</arg>
<arg>expected_status=${status_code_desejado}</arg>
<doc>Sends a POST request on a previously created HTTP Session.</doc>
<status status="PASS" start="2024-02-27T00:43:31.860261" elapsed="0.359183"/>
</kw>
<kw name="Log" owner="BuiltIn">
<msg time="2024-02-27T00:43:32.220441" level="INFO">{'message': 'Este email já está sendo usado'}</msg>
<arg>${resposta.json()}</arg>
<doc>Logs the given message with the given level.</doc>
<status status="PASS" start="2024-02-27T00:43:32.220441" elapsed="0.000000"/>
</kw>
<kw name="Set Test Variable" owner="BuiltIn">
<msg time="2024-02-27T00:43:32.221438" level="INFO">${RESPOSTA} = {'message': 'Este email já está sendo usado'}</msg>
<arg>${RESPOSTA}</arg>
<arg>${resposta.json()}</arg>
<doc>Makes a variable available everywhere within the scope of the current test.</doc>
<status status="PASS" start="2024-02-27T00:43:32.220441" elapsed="0.000997"/>
</kw>
<arg>email=${EMAIL}</arg>
<arg>status_code_desejado=400</arg>
<status status="PASS" start="2024-02-27T00:43:31.856851" elapsed="0.364587"/>
</kw>
<status status="PASS" start="2024-02-27T00:43:31.855854" elapsed="0.365584"/>
</kw>
<kw name="Verificar se a API não permitiu o cadastro repetido" owner="api_testing_usuarios">
<kw name="Dictionary Should Contain Item" owner="Collections">
<msg time="2024-02-27T00:43:32.222436" level="INFO">False
False</msg>
<arg>${RESPOSTA}</arg>
<arg>message</arg>
<arg>Este email já está sendo usado</arg>
<doc>An item of ``key`` / ``value`` must be found in a ``dictionary``.</doc>
<status status="PASS" start="2024-02-27T00:43:32.222436" elapsed="0.000000"/>
</kw>
<status status="PASS" start="2024-02-27T00:43:32.222436" elapsed="0.000000"/>
</kw>
<status status="PASS" start="2024-02-27T00:43:31.456414" elapsed="0.767019"/>
</test>
<status status="PASS" start="2024-02-27T00:43:31.321910" elapsed="0.902520"/>
</suite>
<statistics>
<total>
<stat pass="1" fail="0" skip="0">All Tests</stat>
</total>
<tag>
</tag>
<suite>
<stat pass="1" fail="0" skip="0" id="s1" name="Api Testing Usuario">Api Testing Usuario</stat>
</suite>
</statistics>
<errors>
</errors>
</robot>
